[2025-01-21 23:35:40] Log started.
[2025-01-21 23:38:34] Received signal 2 (Interrupt)
[2025-01-21 23:38:34] Termination signal received. Initiating shutdown...
[2025-01-21 23:49:22] Log started.
[2025-01-21 23:49:24] Received signal 2 (Interrupt)
[2025-01-21 23:49:24] Termination signal received. Initiating shutdown...
[2025-01-25 06:58:17] Log started.
[2025-01-25 06:59:00] Received signal 2 (Interrupt)
[2025-01-25 06:59:00] Termination signal received. Initiating shutdown...
[2025-01-25 06:59:13] Log started.
[2025-01-25 07:12:34] Received signal 2 (Interrupt)
[2025-01-25 07:12:34] Termination signal received. Initiating shutdown...
[2025-01-25 07:14:10] Log started.
[2025-01-25 07:14:22] Received signal 2 (Interrupt)
[2025-01-25 07:14:22] Termination signal received. Initiating shutdown...
[2025-01-31 03:53:36] Log started.
[2025-01-31 03:56:07] Received signal 2 (Interrupt)
[2025-01-31 03:56:07] Termination signal received. Initiating shutdown...
[2025-01-31 04:00:40] Log started.
[2025-01-31 04:02:51] Received signal 2 (Interrupt)
[2025-01-31 04:02:51] Termination signal received. Initiating shutdown...
[2025-01-31 04:14:50] Log started.
[2025-01-31 04:16:39] Received signal 2 (Interrupt)
[2025-01-31 04:16:39] Termination signal received. Initiating shutdown...
[2025-01-31 04:27:27] Log started.
[2025-01-31 04:27:59] Received signal 2 (Interrupt)
[2025-01-31 04:27:59] Termination signal received. Initiating shutdown...
[2025-01-31 04:32:02] Log started.
[2025-01-31 04:33:25] Received signal 2 (Interrupt)
[2025-01-31 04:33:25] Termination signal received. Initiating shutdown...
[2025-01-31 04:36:00] Log started.
[2025-01-31 04:37:40] Received signal 2 (Interrupt)
[2025-01-31 04:37:40] Termination signal received. Initiating shutdown...
[2025-01-31 05:57:05] Log started.
[2025-01-31 05:59:28] Received signal 2 (Interrupt)
[2025-01-31 05:59:28] Termination signal received. Initiating shutdown...
[2025-01-31 06:03:26] Log started.
[2025-01-31 06:04:16] Received signal 2 (Interrupt)
[2025-01-31 06:04:16] Termination signal received. Initiating shutdown...
[2025-01-31 07:10:53] Log started.
[2025-01-31 07:11:23] Received signal 2 (Interrupt)
[2025-01-31 07:11:23] Termination signal received. Initiating shutdown...
[2025-01-31 18:56:20] Log started.
[2025-01-31 18:57:48] Received signal 2 (Interrupt)
[2025-01-31 18:57:48] Termination signal received. Initiating shutdown...
[2025-01-31 18:58:24] Log started.
[2025-01-31 18:58:53] Received signal 2 (Interrupt)
[2025-01-31 18:58:53] Termination signal received. Initiating shutdown...
[2025-01-31 19:03:01] Log started.
[2025-01-31 19:03:17] Received signal 2 (Interrupt)
[2025-01-31 19:03:17] Termination signal received. Initiating shutdown...
[2025-01-31 20:50:20] Log started.
[2025-02-01 03:00:52] Received signal 2 (Interrupt)
[2025-02-01 03:00:52] Termination signal received. Initiating shutdown...
[2025-02-01 03:01:06] Log started.
[2025-02-01 05:33:21] Received signal 2 (Interrupt)
[2025-02-01 05:33:21] Termination signal received. Initiating shutdown...
[2025-02-01 05:45:14] Log started.
[2025-02-01 08:58:30] Log started.
[2025-02-01 09:06:37] Log started.
[2025-02-01 09:07:16] Received signal 2 (Interrupt)
[2025-02-01 09:07:16] Termination signal received. Initiating shutdown...
[2025-02-01 11:39:24] Log started.
[2025-02-01 12:01:39] Received signal 2 (Interrupt)
[2025-02-01 12:01:39] Termination signal received. Initiating shutdown...
[2025-02-01 12:02:30] Log started.
[2025-02-01 13:18:38] Received signal 2 (Interrupt)
[2025-02-01 13:18:38] Termination signal received. Initiating shutdown...
[2025-02-01 13:19:58] Log started.
[2025-02-01 13:20:41] Received signal 2 (Interrupt)
[2025-02-01 13:20:41] Termination signal received. Initiating shutdown...
[2025-02-01 13:43:32] Log started.
[2025-02-01 13:43:58] Received signal 2 (Interrupt)
[2025-02-01 13:43:58] Termination signal received. Initiating shutdown...
[2025-02-01 13:44:41] Log started.
[2025-02-01 13:46:15] Received signal 2 (Interrupt)
[2025-02-01 13:46:15] Termination signal received. Initiating shutdown...
[2025-02-01 14:00:06] Log started.
[2025-02-01 14:03:14] Log started.
[2025-02-01 14:03:55] Received signal 2 (Interrupt)
[2025-02-01 14:03:55] Termination signal received. Initiating shutdown...
[2025-02-01 14:04:03] Log started.
[2025-02-02 04:59:33] Received signal 2 (Interrupt)
[2025-02-02 04:59:33] Termination signal received. Initiating shutdown...
[2025-02-03 02:18:28] Log started.
[2025-02-03 02:18:56] Received signal 2 (Interrupt)
[2025-02-03 02:18:56] Termination signal received. Initiating shutdown...
[2025-02-03 04:18:06] Log started.
[2025-02-03 04:18:44] Received signal 2 (Interrupt)
[2025-02-03 04:18:44] Termination signal received. Initiating shutdown...
[2025-02-03 04:23:39] Log started.
[2025-02-03 04:24:08] Received signal 2 (Interrupt)
[2025-02-03 04:24:08] Termination signal received. Initiating shutdown...
[2025-02-03 04:26:49] Log started.
[2025-02-03 04:27:11] Received signal 2 (Interrupt)
[2025-02-03 04:27:11] Termination signal received. Initiating shutdown...
[2025-02-03 20:19:54] Log started.
[2025-02-03 20:34:57] Received signal 2 (Interrupt)
[2025-02-03 20:34:57] Termination signal received. Initiating shutdown...
[2025-02-03 20:35:36] Log started.
[2025-02-03 20:53:29] Received signal 2 (Interrupt)
[2025-02-03 20:53:29] Termination signal received. Initiating shutdown...
[2025-02-03 21:51:10] Log started.
[2025-02-03 21:54:07] Log started.
[2025-02-03 21:55:34] Received signal 2 (Interrupt)
[2025-02-03 21:55:34] Termination signal received. Initiating shutdown...
[2025-02-03 22:00:17] Log started.
[2025-02-03 22:09:45] Log started.
[2025-02-03 22:35:57] Received signal 2 (Interrupt)
[2025-02-03 22:35:57] Termination signal received. Initiating shutdown...
[2025-02-03 22:36:41] Log started.
[2025-02-03 22:38:23] Received signal 2 (Interrupt)
[2025-02-03 22:38:23] Termination signal received. Initiating shutdown...
[2025-02-03 22:39:18] Log started.
[2025-02-03 22:43:40] Log started.
[2025-02-03 22:49:03] Log started.
[2025-02-03 22:50:54] Log started.
[2025-02-03 22:56:45] Log started.
[2025-02-03 22:56:51] Received signal 2 (Interrupt)
[2025-02-03 22:56:51] Termination signal received. Initiating shutdown...
[2025-02-03 22:57:00] Log started.
[2025-02-03 22:59:42] Log started.
[2025-02-03 23:00:45] Log started.
[2025-02-03 23:03:36] Received signal 2 (Interrupt)
[2025-02-03 23:03:36] Termination signal received. Initiating shutdown...
[2025-02-03 23:04:17] Log started.
[2025-02-03 23:09:03] Log started.
[2025-02-03 23:25:55] Log started.
[2025-02-03 23:36:29] Log started.
[2025-02-03 23:38:26] Log started.
[2025-02-03 23:39:15] Log started.
[2025-02-03 23:40:33] Received signal 2 (Interrupt)
[2025-02-03 23:40:33] Termination signal received. Initiating shutdown...
[2025-02-03 23:42:35] Log started.
[2025-02-03 23:43:06] Received signal 2 (Interrupt)
[2025-02-03 23:43:06] Termination signal received. Initiating shutdown...
[2025-02-03 23:48:12] Log started.
[2025-02-03 23:52:57] Log started.
[2025-02-04 00:15:32] Log started.
[2025-02-04 00:26:23] Log started.
[2025-02-04 00:30:55] Received signal 2 (Interrupt)
[2025-02-04 00:30:55] Termination signal received. Initiating shutdown...
[2025-02-04 00:44:11] Log started.
[2025-02-04 00:46:31] Log started.
[2025-02-04 00:48:35] Log started.
[2025-02-04 00:49:22] Received signal 2 (Interrupt)
[2025-02-04 00:49:22] Termination signal received. Initiating shutdown...
[2025-02-04 01:12:45] Log started.
[2025-02-04 01:12:56] Received signal 2 (Interrupt)
[2025-02-04 01:12:56] Termination signal received. Initiating shutdown...
[2025-02-04 01:14:18] Log started.
[2025-02-04 01:15:05] Log started.
[2025-02-04 01:16:30] Log started.
[2025-02-04 01:17:04] Log started.
[2025-02-04 01:20:39] Log started.
[2025-02-04 01:21:16] Received signal 2 (Interrupt)
[2025-02-04 01:21:16] Termination signal received. Initiating shutdown...
[2025-02-04 01:21:21] Received signal 2 (Interrupt)
[2025-02-04 01:21:21] Termination signal received. Initiating shutdown...
[2025-02-04 01:21:22] Received signal 2 (Interrupt)
[2025-02-04 01:21:22] Termination signal received. Initiating shutdown...
[2025-02-04 01:24:18] Log started.
[2025-02-04 01:26:05] Log started.
[2025-02-04 01:27:09] Log started.
[2025-02-04 01:28:51] Log started.
[2025-02-04 01:34:34] Log started.
[2025-02-04 01:37:43] Log started.
[2025-02-04 01:56:51] Log started.
[2025-02-04 01:57:36] Received signal 2 (Interrupt)
[2025-02-04 01:57:36] Termination signal received. Initiating shutdown...
[2025-02-04 01:58:33] Log started.
[2025-02-04 02:09:11] Received signal 2 (Interrupt)
[2025-02-04 02:09:11] Termination signal received. Initiating shutdown...
[2025-02-04 02:10:14] Log started.
[2025-02-04 02:11:09] Received signal 2 (Interrupt)
[2025-02-04 02:11:09] Termination signal received. Initiating shutdown...
[2025-02-04 02:12:37] Log started.
[2025-02-04 03:11:53] Received signal 2 (Interrupt)
[2025-02-04 03:11:53] Termination signal received. Initiating shutdown...
[2025-02-04 03:14:32] Log started.
[2025-02-04 03:17:13] Log started.
[2025-02-04 03:17:47] Received signal 2 (Interrupt)
[2025-02-04 03:17:47] Termination signal received. Initiating shutdown...
[2025-02-04 03:47:03] Log started.
[2025-02-04 03:47:44] Received signal 2 (Interrupt)
[2025-02-04 03:47:44] Termination signal received. Initiating shutdown...
[2025-02-04 03:50:08] Log started.
[2025-02-04 03:59:03] Received signal 2 (Interrupt)
[2025-02-04 03:59:03] Termination signal received. Initiating shutdown...
[2025-02-04 07:28:14] Log started.
[2025-02-04 07:30:05] Received signal 2 (Interrupt)
[2025-02-04 07:30:05] Termination signal received. Initiating shutdown...
[2025-02-04 07:31:53] Log started.
[2025-02-04 07:34:12] Received signal 2 (Interrupt)
[2025-02-04 07:34:12] Termination signal received. Initiating shutdown...
[2025-02-04 10:17:22] Log started.
[2025-02-04 10:19:02] Received signal 2 (Interrupt)
[2025-02-04 10:19:02] Termination signal received. Initiating shutdown...
[2025-02-04 10:35:22] Log started.
[2025-02-04 10:35:40] Received signal 2 (Interrupt)
[2025-02-04 10:35:40] Termination signal received. Initiating shutdown...
[2025-02-04 11:50:51] Log started.
[2025-02-04 11:53:06] Termination signal received. Initiating shutdown...
[2025-02-04 11:53:06] Received signal 2 (Interrupt)
[2025-02-04 11:53:16] Log started.
[2025-02-04 16:25:42] Received signal 1 (Hangup)
[2025-02-04 16:25:42] Reload signal received. Reloading configuration...
[2025-02-06 08:21:38] Log started.
[2025-02-06 09:13:12] Log started.
[2025-02-06 09:19:35] Log started.
[2025-02-06 11:58:24] Received signal 1 (Hangup)
[2025-02-06 11:58:24] Reload signal received. Reloading configuration...
[2025-02-07 00:55:47] Log started.
[2025-02-07 18:24:41] Received signal 1 (Hangup)
[2025-02-07 18:24:41] Reload signal received. Reloading configuration...
[2025-02-08 01:01:22] Log started.
[2025-02-08 10:21:05] Log started.
[2025-02-08 11:31:11] Received signal 2 (Interrupt)
[2025-02-08 11:31:11] Termination signal received. Initiating shutdown...
[2025-02-08 11:31:13] Log started.
[2025-02-08 11:32:50] Received signal 2 (Interrupt)
[2025-02-08 11:32:50] Termination signal received. Initiating shutdown...
[2025-02-08 11:32:56] Log started.
[2025-02-08 11:45:26] Received signal 2 (Interrupt)
[2025-02-08 11:45:26] Termination signal received. Initiating shutdown...
[2025-02-08 11:47:22] Log started.
[2025-02-08 11:48:18] Received signal 2 (Interrupt)
[2025-02-08 11:48:18] Termination signal received. Initiating shutdown...
[2025-02-08 12:36:12] Log started.
[2025-02-08 13:05:37] Received signal 2 (Interrupt)
[2025-02-08 13:05:37] Termination signal received. Initiating shutdown...
[2025-02-09 02:05:58] Log started.
[2025-02-09 02:15:47] Received signal 2 (Interrupt)
[2025-02-09 02:15:47] Termination signal received. Initiating shutdown...
[2025-02-09 04:05:21] Log started.
[2025-02-09 04:20:09] Received signal 2 (Interrupt)
[2025-02-09 04:20:09] Termination signal received. Initiating shutdown...
[2025-02-09 18:42:23] Log started.
[2025-02-09 21:05:49] Received signal 1 (Hangup)
[2025-02-09 21:05:49] Reload signal received. Reloading configuration...
[2025-02-09 22:21:14] Log started.
[2025-02-10 00:22:41] Received signal 2 (Interrupt)
[2025-02-10 00:22:41] Termination signal received. Initiating shutdown...
[2025-02-10 12:30:57] Log started.
[2025-02-10 12:31:58] Received signal 2 (Interrupt)
[2025-02-10 12:31:58] Termination signal received. Initiating shutdown...
[2025-02-10 12:33:11] Log started.
[2025-02-10 12:34:00] Received signal 2 (Interrupt)
[2025-02-10 12:34:00] Termination signal received. Initiating shutdown...
[2025-02-10 12:34:58] Log started.
[2025-02-10 12:35:34] Received signal 2 (Interrupt)
[2025-02-10 12:35:34] Termination signal received. Initiating shutdown...
[2025-02-10 12:37:37] Log started.
[2025-02-10 12:38:06] Received signal 2 (Interrupt)
[2025-02-10 12:38:06] Termination signal received. Initiating shutdown...
[2025-02-10 12:56:36] Log started.
[2025-02-10 12:57:18] Received signal 2 (Interrupt)
[2025-02-10 12:57:18] Termination signal received. Initiating shutdown...
[2025-02-10 12:59:32] Log started.
[2025-02-10 13:00:35] Received signal 2 (Interrupt)
[2025-02-10 13:00:35] Termination signal received. Initiating shutdown...
[2025-02-10 13:41:53] Log started.
[2025-02-10 13:46:38] Received signal 2 (Interrupt)
[2025-02-10 13:46:38] Termination signal received. Initiating shutdown...
[2025-02-10 14:30:46] Log started.
[2025-02-10 14:31:22] Received signal 2 (Interrupt)
[2025-02-10 14:31:22] Termination signal received. Initiating shutdown...
[2025-02-10 14:32:53] Log started.
[2025-02-10 14:34:24] Received signal 2 (Interrupt)
[2025-02-10 14:34:24] Termination signal received. Initiating shutdown...
[2025-02-10 16:36:23] Log started.
[2025-02-10 16:44:52] Log started.
[2025-02-10 16:45:56] Received signal 2 (Interrupt)
[2025-02-10 16:45:56] Termination signal received. Initiating shutdown...
[2025-02-10 16:52:17] Log started.
[2025-02-10 17:04:07] Received signal 2 (Interrupt)
[2025-02-10 17:04:07] Termination signal received. Initiating shutdown...
[2025-02-11 04:39:13] Log started.
[2025-02-11 04:41:01] Received signal 2 (Interrupt)
[2025-02-11 04:41:01] Termination signal received. Initiating shutdown...
[2025-02-11 07:26:05] Log started.
[2025-02-11 07:31:15] Log started.
[2025-02-11 07:48:18] Received signal 2 (Interrupt)
[2025-02-11 07:48:18] Termination signal received. Initiating shutdown...
[2025-02-11 07:53:25] Log started.
[2025-02-11 07:59:12] Received signal 2 (Interrupt)
[2025-02-11 07:59:12] Termination signal received. Initiating shutdown...
[2025-02-11 08:01:25] Log started.
[2025-02-11 08:02:24] Received signal 2 (Interrupt)
[2025-02-11 08:02:24] Termination signal received. Initiating shutdown...
[2025-02-11 08:35:58] Log started.
[2025-02-11 08:36:24] Received signal 2 (Interrupt)
[2025-02-11 08:36:24] Termination signal received. Initiating shutdown...
[2025-02-11 08:37:17] Log started.
[2025-02-11 08:38:29] Received signal 2 (Interrupt)
[2025-02-11 08:38:29] Termination signal received. Initiating shutdown...
[2025-02-11 08:43:00] Log started.
[2025-02-11 08:43:39] Received signal 2 (Interrupt)
[2025-02-11 08:43:39] Termination signal received. Initiating shutdown...
[2025-02-11 08:53:18] Log started.
[2025-02-11 08:53:51] Received signal 2 (Interrupt)
[2025-02-11 08:53:51] Termination signal received. Initiating shutdown...
[2025-02-11 11:20:21] Log started.
[2025-02-11 11:26:36] Received signal 2 (Interrupt)
[2025-02-11 11:26:36] Termination signal received. Initiating shutdown...
[2025-02-11 11:30:31] Log started.
[2025-02-11 11:39:54] Received signal 2 (Interrupt)
[2025-02-11 11:39:54] Termination signal received. Initiating shutdown...
[2025-02-12 11:12:07] Log started.
[2025-02-12 11:37:04] Received signal 2 (Interrupt)
[2025-02-12 11:37:04] Termination signal received. Initiating shutdown...
[2025-02-12 16:52:21] Log started.
[2025-02-12 16:54:44] Received signal 2 (Interrupt)
[2025-02-12 16:54:44] Termination signal received. Initiating shutdown...
[2025-02-12 16:54:51] Log started.
[2025-02-12 16:55:31] Received signal 2 (Interrupt)
[2025-02-12 16:55:31] Termination signal received. Initiating shutdown...
